d:\users\jesse\bureaublad\school\cplusplus\jessebrolsma_c_plus_plus\brolsmajesse_opdracht3_v1\brolsmajesse_opdracht3_v1\debug\vc142.pdb
d:\users\jesse\bureaublad\school\cplusplus\jessebrolsma_c_plus_plus\brolsmajesse_opdracht3_v1\brolsmajesse_opdracht3_v1\debug\vc142.idb
d:\users\jesse\bureaublad\school\cplusplus\jessebrolsma_c_plus_plus\brolsmajesse_opdracht3_v1\brolsmajesse_opdracht3_v1\debug\brolsmajesse_opdracht3_v1.obj
d:\users\jesse\bureaublad\school\githubs\jessebrolsma_c_plus_plus\brolsmajesse_opdracht3_v1\brolsmajesse_opdracht3_v1\debug\vc142.pdb
d:\users\jesse\bureaublad\school\githubs\jessebrolsma_c_plus_plus\brolsmajesse_opdracht3_v1\brolsmajesse_opdracht3_v1\debug\vc142.idb
d:\users\jesse\bureaublad\school\githubs\jessebrolsma_c_plus_plus\brolsmajesse_opdracht3_v1\brolsmajesse_opdracht3_v1\debug\brolsmajesse_opdracht3_v1.obj
c:\users\jesse\documents\github\jessebrolsma_c_plus_plus\brolsmajesse_opdracht3_v1\brolsmajesse_opdracht3_v1\debug\vc142.pdb
c:\users\jesse\documents\github\jessebrolsma_c_plus_plus\brolsmajesse_opdracht3_v1\brolsmajesse_opdracht3_v1\debug\vc142.idb
c:\users\jesse\documents\github\jessebrolsma_c_plus_plus\brolsmajesse_opdracht3_v1\brolsmajesse_opdracht3_v1\debug\brolsmajesse_opdracht3_v1.obj
c:\users\jesse\documents\github\jessebrolsma_c_plus_plus\brolsmajesse_opdracht3_v1\debug\brolsmajesse_opdracht3_v1.pdb
c:\users\jesse\documents\github\jessebrolsma_c_plus_plus\brolsmajesse_opdracht3_v1\brolsmajesse_opdracht3_v1\debug\brolsmaj.f540cfb4.tlog\cl.command.1.tlog
c:\users\jesse\documents\github\jessebrolsma_c_plus_plus\brolsmajesse_opdracht3_v1\brolsmajesse_opdracht3_v1\debug\brolsmaj.f540cfb4.tlog\cl.read.1.tlog
c:\users\jesse\documents\github\jessebrolsma_c_plus_plus\brolsmajesse_opdracht3_v1\brolsmajesse_opdracht3_v1\debug\brolsmaj.f540cfb4.tlog\cl.write.1.tlog
c:\users\jesse\documents\github\jessebrolsma_c_plus_plus\brolsmajesse_opdracht3_v1\brolsmajesse_opdracht3_v1\debug\brolsmaj.f540cfb4.tlog\link-cvtres.read.1.tlog
c:\users\jesse\documents\github\jessebrolsma_c_plus_plus\brolsmajesse_opdracht3_v1\brolsmajesse_opdracht3_v1\debug\brolsmaj.f540cfb4.tlog\link-cvtres.write.1.tlog
c:\users\jesse\documents\github\jessebrolsma_c_plus_plus\brolsmajesse_opdracht3_v1\brolsmajesse_opdracht3_v1\debug\brolsmaj.f540cfb4.tlog\link-rc.read.1.tlog
c:\users\jesse\documents\github\jessebrolsma_c_plus_plus\brolsmajesse_opdracht3_v1\brolsmajesse_opdracht3_v1\debug\brolsmaj.f540cfb4.tlog\link-rc.write.1.tlog
c:\users\jesse\documents\github\jessebrolsma_c_plus_plus\brolsmajesse_opdracht3_v1\brolsmajesse_opdracht3_v1\debug\brolsmaj.f540cfb4.tlog\link.1056-cvtres.read.1.tlog
c:\users\jesse\documents\github\jessebrolsma_c_plus_plus\brolsmajesse_opdracht3_v1\brolsmajesse_opdracht3_v1\debug\brolsmaj.f540cfb4.tlog\link.1056-cvtres.write.1.tlog
c:\users\jesse\documents\github\jessebrolsma_c_plus_plus\brolsmajesse_opdracht3_v1\brolsmajesse_opdracht3_v1\debug\brolsmaj.f540cfb4.tlog\link.1056-rc.read.1.tlog
c:\users\jesse\documents\github\jessebrolsma_c_plus_plus\brolsmajesse_opdracht3_v1\brolsmajesse_opdracht3_v1\debug\brolsmaj.f540cfb4.tlog\link.1056-rc.write.1.tlog
c:\users\jesse\documents\github\jessebrolsma_c_plus_plus\brolsmajesse_opdracht3_v1\brolsmajesse_opdracht3_v1\debug\brolsmaj.f540cfb4.tlog\link.1056.read.1.tlog
c:\users\jesse\documents\github\jessebrolsma_c_plus_plus\brolsmajesse_opdracht3_v1\brolsmajesse_opdracht3_v1\debug\brolsmaj.f540cfb4.tlog\link.1056.write.1.tlog
c:\users\jesse\documents\github\jessebrolsma_c_plus_plus\brolsmajesse_opdracht3_v1\brolsmajesse_opdracht3_v1\debug\brolsmaj.f540cfb4.tlog\link.command.1.tlog
c:\users\jesse\documents\github\jessebrolsma_c_plus_plus\brolsmajesse_opdracht3_v1\brolsmajesse_opdracht3_v1\debug\brolsmaj.f540cfb4.tlog\link.read.1.tlog
c:\users\jesse\documents\github\jessebrolsma_c_plus_plus\brolsmajesse_opdracht3_v1\brolsmajesse_opdracht3_v1\debug\brolsmaj.f540cfb4.tlog\link.write.1.tlog
